<?xml version="1.0" encoding="UTF-8"?>
<testsuite xmlns:xsi="http://www.w3.org/2001/XMLSchema-instance" xsi:noNamespaceSchemaLocation="https://maven.apache.org/surefire/maven-surefire-plugin/xsd/surefire-test-report.xsd" name="com.AAA.BBB.PracticeSSSSSS.MicroBoot.MicroBootApplicationTests" time="97.915" tests="1" errors="0" skipped="0" failures="0">
  <properties>
[...]
</properties>
  <testcase name="contextLoads" classname="com.AAA.BBB.PracticeSSSSSS.MicroBoot.MicroBootApplicationTests" time="0.668"/>
</testsuite>